mode: set
github.com/abhisoniks/cs733/Assignment3/assign2.go:7.40,8.6 1 1
github.com/abhisoniks/cs733/Assignment3/assign2.go:8.6,9.10 1 1
github.com/abhisoniks/cs733/Assignment3/assign2.go:10.3,12.22 2 1
github.com/abhisoniks/cs733/Assignment3/assign2.go:13.3,14.26 1 1
github.com/abhisoniks/cs733/Assignment3/assign2.go:29.3,30.17 1 1
github.com/abhisoniks/cs733/Assignment3/assign2.go:15.4,17.34 2 1
github.com/abhisoniks/cs733/Assignment3/assign2.go:18.4,20.23 2 1
github.com/abhisoniks/cs733/Assignment3/assign2.go:21.4,23.22 2 1
github.com/abhisoniks/cs733/Assignment3/assign2.go:24.4,26.32 2 1
github.com/abhisoniks/cs733/Assignment3/assign2.go:36.52,37.18 1 1
github.com/abhisoniks/cs733/Assignment3/assign2.go:38.2,40.27 2 0
github.com/abhisoniks/cs733/Assignment3/assign2.go:41.2,43.27 2 0
github.com/abhisoniks/cs733/Assignment3/assign2.go:44.2,55.42 10 1
github.com/abhisoniks/cs733/Assignment3/assign2.go:61.70,62.18 1 1
github.com/abhisoniks/cs733/Assignment3/assign2.go:63.2,65.82 2 1
github.com/abhisoniks/cs733/Assignment3/assign2.go:71.3,71.67 1 1
github.com/abhisoniks/cs733/Assignment3/assign2.go:120.2,121.38 1 0
github.com/abhisoniks/cs733/Assignment3/assign2.go:135.2,137.38 2 0
github.com/abhisoniks/cs733/Assignment3/assign2.go:143.3,145.22 3 0
github.com/abhisoniks/cs733/Assignment3/assign2.go:151.3,151.67 1 0
github.com/abhisoniks/cs733/Assignment3/assign2.go:65.82,69.9 4 0
github.com/abhisoniks/cs733/Assignment3/assign2.go:71.67,72.68 1 1
github.com/abhisoniks/cs733/Assignment3/assign2.go:72.68,81.5 6 1
github.com/abhisoniks/cs733/Assignment3/assign2.go:81.5,87.5 3 0
github.com/abhisoniks/cs733/Assignment3/assign2.go:88.4,93.38 4 1
github.com/abhisoniks/cs733/Assignment3/assign2.go:93.38,97.5 3 0
github.com/abhisoniks/cs733/Assignment3/assign2.go:97.5,97.102 1 1
github.com/abhisoniks/cs733/Assignment3/assign2.go:97.102,99.57 2 1
github.com/abhisoniks/cs733/Assignment3/assign2.go:106.5,112.43 7 1
github.com/abhisoniks/cs733/Assignment3/assign2.go:99.57,102.6 2 1
github.com/abhisoniks/cs733/Assignment3/assign2.go:113.5,113.102 1 0
github.com/abhisoniks/cs733/Assignment3/assign2.go:113.102,118.5 3 0
github.com/abhisoniks/cs733/Assignment3/assign2.go:121.38,124.9 3 0
github.com/abhisoniks/cs733/Assignment3/assign2.go:125.4,133.4 6 0
github.com/abhisoniks/cs733/Assignment3/assign2.go:137.38,142.4 4 0
github.com/abhisoniks/cs733/Assignment3/assign2.go:145.22,147.4 1 0
github.com/abhisoniks/cs733/Assignment3/assign2.go:147.4,149.4 1 0
github.com/abhisoniks/cs733/Assignment3/assign2.go:151.67,152.77 1 0
github.com/abhisoniks/cs733/Assignment3/assign2.go:152.77,164.5 9 0
github.com/abhisoniks/cs733/Assignment3/assign2.go:164.5,169.5 3 0
github.com/abhisoniks/cs733/Assignment3/assign2.go:170.4,175.38 4 0
github.com/abhisoniks/cs733/Assignment3/assign2.go:175.38,179.5 3 0
github.com/abhisoniks/cs733/Assignment3/assign2.go:179.5,179.102 1 0
github.com/abhisoniks/cs733/Assignment3/assign2.go:179.102,181.58 1 0
github.com/abhisoniks/cs733/Assignment3/assign2.go:188.5,195.43 8 0
github.com/abhisoniks/cs733/Assignment3/assign2.go:181.58,185.6 3 0
github.com/abhisoniks/cs733/Assignment3/assign2.go:197.5,197.102 1 0
github.com/abhisoniks/cs733/Assignment3/assign2.go:197.102,201.5 2 0
github.com/abhisoniks/cs733/Assignment3/assign2.go:206.35,208.18 1 1
github.com/abhisoniks/cs733/Assignment3/assign2.go:209.2,218.40 9 1
github.com/abhisoniks/cs733/Assignment3/assign2.go:220.2,225.42 4 1
github.com/abhisoniks/cs733/Assignment3/assign2.go:227.2,241.40 9 0
github.com/abhisoniks/cs733/Assignment3/assign2.go:246.72,248.18 1 1
github.com/abhisoniks/cs733/Assignment3/assign2.go:249.2,249.24 1 0
github.com/abhisoniks/cs733/Assignment3/assign2.go:250.2,250.25 1 0
github.com/abhisoniks/cs733/Assignment3/assign2.go:251.2,252.31 1 1
github.com/abhisoniks/cs733/Assignment3/assign2.go:289.3,290.26 2 1
github.com/abhisoniks/cs733/Assignment3/assign2.go:303.3,304.33 2 1
github.com/abhisoniks/cs733/Assignment3/assign2.go:309.3,309.29 1 1
github.com/abhisoniks/cs733/Assignment3/assign2.go:252.31,254.23 1 1
github.com/abhisoniks/cs733/Assignment3/assign2.go:254.23,258.5 3 1
github.com/abhisoniks/cs733/Assignment3/assign2.go:258.5,263.5 3 0
github.com/abhisoniks/cs733/Assignment3/assign2.go:264.4,271.23 5 0
github.com/abhisoniks/cs733/Assignment3/assign2.go:284.4,284.43 1 0
github.com/abhisoniks/cs733/Assignment3/assign2.go:271.23,277.5 4 0
github.com/abhisoniks/cs733/Assignment3/assign2.go:277.5,283.5 4 0
github.com/abhisoniks/cs733/Assignment3/assign2.go:290.26,292.41 2 1
github.com/abhisoniks/cs733/Assignment3/assign2.go:292.41,293.28 1 1
github.com/abhisoniks/cs733/Assignment3/assign2.go:298.5,298.34 1 1
github.com/abhisoniks/cs733/Assignment3/assign2.go:293.28,294.46 1 1
github.com/abhisoniks/cs733/Assignment3/assign2.go:294.46,296.7 1 1
github.com/abhisoniks/cs733/Assignment3/assign2.go:299.5,301.5 1 1
github.com/abhisoniks/cs733/Assignment3/assign2.go:304.33,305.32 1 1
github.com/abhisoniks/cs733/Assignment3/assign2.go:305.32,307.5 1 1
github.com/abhisoniks/cs733/Assignment3/assign2.go:309.29,312.4 2 1
github.com/abhisoniks/cs733/Assignment3/assign2.go:316.52,320.18 2 1
github.com/abhisoniks/cs733/Assignment3/assign2.go:321.2,322.63 1 1
github.com/abhisoniks/cs733/Assignment3/assign2.go:342.2,343.39 1 0
github.com/abhisoniks/cs733/Assignment3/assign2.go:359.2,360.38 1 0
github.com/abhisoniks/cs733/Assignment3/assign2.go:322.63,323.40 1 1
github.com/abhisoniks/cs733/Assignment3/assign2.go:323.40,329.5 3 1
github.com/abhisoniks/cs733/Assignment3/assign2.go:329.5,334.5 2 0
github.com/abhisoniks/cs733/Assignment3/assign2.go:335.4,340.4 2 0
github.com/abhisoniks/cs733/Assignment3/assign2.go:343.39,352.4 5 0
github.com/abhisoniks/cs733/Assignment3/assign2.go:352.4,357.4 2 0
github.com/abhisoniks/cs733/Assignment3/assign2.go:360.38,371.4 8 0
github.com/abhisoniks/cs733/Assignment3/assign2.go:371.4,375.4 2 0
github.com/abhisoniks/cs733/Assignment3/assign2.go:379.54,382.18 1 1
github.com/abhisoniks/cs733/Assignment3/assign2.go:383.2,383.24 1 0
github.com/abhisoniks/cs733/Assignment3/assign2.go:384.2,385.7 1 1
github.com/abhisoniks/cs733/Assignment3/assign2.go:386.2,388.38 1 1
github.com/abhisoniks/cs733/Assignment3/assign2.go:397.3,397.69 1 1
github.com/abhisoniks/cs733/Assignment3/assign2.go:400.3,400.70 1 1
github.com/abhisoniks/cs733/Assignment3/assign2.go:403.3,403.29 1 1
github.com/abhisoniks/cs733/Assignment3/assign2.go:416.3,416.29 1 1
github.com/abhisoniks/cs733/Assignment3/assign2.go:426.3,426.55 1 1
github.com/abhisoniks/cs733/Assignment3/assign2.go:388.38,396.4 6 0
github.com/abhisoniks/cs733/Assignment3/assign2.go:397.69,399.4 1 1
github.com/abhisoniks/cs733/Assignment3/assign2.go:400.70,402.4 1 0
github.com/abhisoniks/cs733/Assignment3/assign2.go:403.29,415.4 9 1
github.com/abhisoniks/cs733/Assignment3/assign2.go:416.29,425.4 5 0
github.com/abhisoniks/cs733/Assignment3/assign2.go:426.55,436.4 8 0
github.com/abhisoniks/cs733/Assignment3/assign2.go:440.54,444.35 4 1
github.com/abhisoniks/cs733/Assignment3/assign2.go:449.2,449.28 1 1
github.com/abhisoniks/cs733/Assignment3/assign2.go:444.35,448.3 3 1
github.com/abhisoniks/cs733/Assignment3/assign2.go:452.47,453.15 1 1
github.com/abhisoniks/cs733/Assignment3/assign2.go:465.2,465.10 1 0
github.com/abhisoniks/cs733/Assignment3/assign2.go:454.2,455.14 1 1
github.com/abhisoniks/cs733/Assignment3/assign2.go:456.2,457.14 1 1
github.com/abhisoniks/cs733/Assignment3/assign2.go:458.2,459.14 1 1
github.com/abhisoniks/cs733/Assignment3/assign2.go:460.2,461.14 1 1
github.com/abhisoniks/cs733/Assignment3/assign2.go:462.2,463.14 1 1
github.com/abhisoniks/cs733/Assignment3/raft.go:16.41,18.2 1 1
github.com/abhisoniks/cs733/Assignment3/raft.go:20.41,22.2 1 1
github.com/abhisoniks/cs733/Assignment3/raft.go:24.26,25.14 1 1
github.com/abhisoniks/cs733/Assignment3/raft.go:25.14,27.3 1 0
github.com/abhisoniks/cs733/Assignment3/raft.go:31.30,57.2 24 1
github.com/abhisoniks/cs733/Assignment3/raft.go:62.55,64.12 2 1
github.com/abhisoniks/cs733/Assignment3/raft.go:66.2,99.16 24 1
github.com/abhisoniks/cs733/Assignment3/raft.go:100.2,136.16 26 1
github.com/abhisoniks/cs733/Assignment3/raft.go:137.2,168.16 26 1
github.com/abhisoniks/cs733/Assignment3/raft.go:171.2,204.16 25 1
github.com/abhisoniks/cs733/Assignment3/raft.go:205.2,235.16 25 1
github.com/abhisoniks/cs733/Assignment3/raft.go:236.3,236.33 1 0
github.com/abhisoniks/cs733/Assignment3/raft.go:243.42,244.6 1 1
github.com/abhisoniks/cs733/Assignment3/raft.go:251.2,251.12 1 0
github.com/abhisoniks/cs733/Assignment3/raft.go:244.6,245.18 1 1
github.com/abhisoniks/cs733/Assignment3/raft.go:245.18,246.50 1 1
github.com/abhisoniks/cs733/Assignment3/raft.go:246.50,248.4 1 1
github.com/abhisoniks/cs733/Assignment3/raft.go:255.54,256.6 1 1
github.com/abhisoniks/cs733/Assignment3/raft.go:256.6,258.25 2 1
github.com/abhisoniks/cs733/Assignment3/raft.go:260.3,262.33 2 1
github.com/abhisoniks/cs733/Assignment3/raft.go:265.3,267.33 2 1
github.com/abhisoniks/cs733/Assignment3/raft.go:270.3,273.33 2 1
github.com/abhisoniks/cs733/Assignment3/raft.go:275.3,277.33 2 1
github.com/abhisoniks/cs733/Assignment3/raft.go:284.57,285.6 1 1
github.com/abhisoniks/cs733/Assignment3/raft.go:285.6,287.29 2 1
github.com/abhisoniks/cs733/Assignment3/raft.go:289.3,295.17 5 1
github.com/abhisoniks/cs733/Assignment3/raft.go:300.3,300.15 0 1
github.com/abhisoniks/cs733/Assignment3/raft.go:303.3,308.20 5 1
github.com/abhisoniks/cs733/Assignment3/raft.go:309.3,315.29 6 1
github.com/abhisoniks/cs733/Assignment3/raft.go:295.17,297.5 1 1
github.com/abhisoniks/cs733/Assignment3/raft.go:297.5,299.5 1 1
github.com/abhisoniks/cs733/Assignment3/raft.go:322.30,323.6 1 1
github.com/abhisoniks/cs733/Assignment3/raft.go:323.6,325.25 2 1
github.com/abhisoniks/cs733/Assignment3/raft.go:325.25,326.8 1 1
github.com/abhisoniks/cs733/Assignment3/raft.go:326.8,328.32 2 1
github.com/abhisoniks/cs733/Assignment3/raft.go:328.32,333.11 3 1
github.com/abhisoniks/cs733/Assignment3/raft.go:341.42,342.17 1 1
github.com/abhisoniks/cs733/Assignment3/raft.go:343.2,345.22 2 1
github.com/abhisoniks/cs733/Assignment3/raft.go:346.2,348.22 2 1
github.com/abhisoniks/cs733/Assignment3/raft.go:350.2,352.22 2 1
github.com/abhisoniks/cs733/Assignment3/raft.go:354.2,356.22 2 1
github.com/abhisoniks/cs733/Assignment3/raft.go:358.2,360.22 2 1
github.com/abhisoniks/cs733/Assignment3/raft.go:365.37,366.21 1 1
github.com/abhisoniks/cs733/Assignment3/raft.go:377.2,377.11 1 0
github.com/abhisoniks/cs733/Assignment3/raft.go:367.2,368.11 1 1
github.com/abhisoniks/cs733/Assignment3/raft.go:369.2,370.11 1 1
github.com/abhisoniks/cs733/Assignment3/raft.go:371.2,372.11 1 1
github.com/abhisoniks/cs733/Assignment3/raft.go:373.2,374.11 1 1
